代码/Seen Build1.0.4结题/Seen/app/build/outputs/logs/manifest-merger-debug-report.txt
-- Merging decision tree log ---
manifest
ADDED from src\main\AndroidManifest.xml:2:1-78:12
INJECTED from src\main\AndroidManifest.xml:2:1-78:12
INJECTED from src\main\AndroidManifest.xml:2:1-78:12
INJECTED from src\main\AndroidManifest.xml:2:1-78:12
MERGED from [com.android.support:design:27.0.0] AndroidManifest.xml:17:1-22:12
MERGED from [com.zhihu.android:matisse:0.4.3] AndroidManifest.xml:17:1-33:12
MERGED from [com.android.support:appcompat-v7:27.0.0] AndroidManifest.xml:17:1-22:12
MERGED from [com.android.support.constraint:constraint-layout:1.0.2] AndroidManifest.xml:2:1-11:12
MERGED from [com.lzy.net:okhttpserver:1.0.3] AndroidManifest.xml:2:1-15:12
MERGED from [com.lzy.net:okhttputils:1.8.1] AndroidManifest.xml:2:1-16:12
MERGED from [com.zhy:okhttputils:2.0.0] AndroidManifest.xml:2:1-19:12
MERGED from [com.yanzhenjie.nohttp:okhttp:1.1.1] AndroidManifest.xml:17:1-25:12
MERGED from [com.yanzhenjie.nohttp:nohttp:1.1.1] AndroidManifest.xml:17:1-30:12
MERGED from [com.android.support:cardview-v7:27.0.0] AndroidManifest.xml:17:1-22:12
MERGED from [com.android.support:recyclerview-v7:27.0.0] AndroidManifest.xml:17:1-22:12
MERGED from [:SlidingMenu-master] AndroidManifest.xml:2:1-11:12
MERGED from [com.makeramen:roundedimageview:2.2.1] AndroidManifest.xml:2:1-9:12
MERGED from [:IMKit] AndroidManifest.xml:2:1-102:12
MERGED from [:IMLib] AndroidManifest.xml:2:1-97:12
MERGED from [com.tbruyelle.rxpermissions2:rxpermissions:0.9.1] AndroidManifest.xml:2:1-13:12
MERGED from [com.android.support:transition:27.0.0] AndroidManifest.xml:17:1-22:12
MERGED from [com.android.support:support-v4:27.0.0] AndroidManifest.xml:17:1-22:12
MERGED from [com.android.support:support-media-compat:27.0.0] AndroidManifest.xml:17:1-22:12
MERGED from [com.android.support:support-fragment:27.0.0] AndroidManifest.xml:17:1-22:12
MERGED from [com.android.support:support-core-utils:27.0.0] AndroidManifest.xml:17:1-22:12
MERGED from [com.android.support:animated-vector-drawable:27.0.0] AndroidManifest.xml:17:1-22:12
MERGED from [com.android.support:support-core-ui:27.0.0] AndroidManifest.xml:17:1-22:12
MERGED from [com.android.support:support-vector-drawable:27.0.0] AndroidManifest.xml:17:1-22:12
MERGED from [com.android.support:support-compat:27.0.0] AndroidManifest.xml:17:1-22:12
MERGED from [it.sephiroth.android.library.imagezoom:library:1.0.4] AndroidManifest.xml:1:106-7:12
MERGED from [android.arch.lifecycle:runtime:1.0.0] AndroidManifest.xml:17:1-30:12
MERGED from [it.sephiroth.android.library.easing:library:1.0.2] AndroidManifest.xml:1:116-8:12
INJECTED from src\main\AndroidManifest.xml:2:1-78:12
INJECTED from src\main\AndroidManifest.xml:2:1-78:12
INJECTED from src\main\AndroidManifest.xml:2:1-78:12
	package
		ADDED from src\main\AndroidManifest.xml:3:5-31
		INJECTED from src\main\AndroidManifest.xml
		INJECTED from src\main\AndroidManifest.xml
	android:versionName
		INJECTED from src\main\AndroidManifest.xml
		ADDED from src\main\AndroidManifest.xml:2:1-78:12
		INJECTED from src\main\AndroidManifest.xml
	android:versionCode
		INJECTED from src\main\AndroidManifest.xml
		ADDED from src\main\AndroidManifest.xml:2:1-78:12
		INJECTED from src\main\AndroidManifest.xml
	xmlns:android
		ADDED from src\main\AndroidManifest.xml:2:11-69
uses-permission#android.permission.INTERNET
ADDED from src\main\AndroidManifest.xml:6:5-67
MERGED from [com.lzy.net:okhttputils:1.8.1] AndroidManifest.xml:11:5-67
MERGED from [com.lzy.net:okhttputils:1.8.1] AndroidManifest.xml:11:5-67
MERGED from [com.zhy:okhttputils:2.0.0] AndroidManifest.xml:11:5-67
MERGED from [com.zhy:okhttputils:2.0.0] AndroidManifest.xml:11:5-67
MERGED from [com.yanzhenjie.nohttp:nohttp:1.1.1] AndroidManifest.xml:26:5-67
MERGED from [com.yanzhenjie.nohttp:nohttp:1.1.1] AndroidManifest.xml:26:5-67
MERGED from [:IMKit] AndroidManifest.xml:13:5-67
MERGED from [:IMKit] AndroidManifest.xml:13:5-67
MERGED from [:IMLib] AndroidManifest.xml:12:5-67
MERGED from [:IMLib] AndroidManifest.xml:12:5-67
	android:name
		ADDED from src\main\AndroidManifest.xml:6:22-64
uses-permission#android.permission.WRITE_EXTERNAL_STORAGE
ADDED from src\main\AndroidManifest.xml:8:5-81
MERGED from [com.zhihu.android:matisse:0.4.3] AndroidManifest.xml:24:5-81
MERGED from [com.zhihu.android:matisse:0.4.3] AndroidManifest.xml:24:5-81
MERGED from [com.lzy.net:okhttputils:1.8.1] AndroidManifest.xml:13:5-81
MERGED from [com.lzy.net:okhttputils:1.8.1] AndroidManifest.xml:13:5-81
MERGED from [com.zhy:okhttputils:2.0.0] AndroidManifest.xml:12:5-81
MERGED from [com.zhy:okhttputils:2.0.0] AndroidManifest.xml:12:5-81
MERGED from [com.yanzhenjie.nohttp:nohttp:1.1.1] AndroidManifest.xml:25:5-81
MERGED from [com.yanzhenjie.nohttp:nohttp:1.1.1] AndroidManifest.xml:25:5-81
MERGED from [:IMKit] AndroidManifest.xml:12:5-81
MERGED from [:IMKit] AndroidManifest.xml:12:5-81
MERGED from [:IMLib] AndroidManifest.xml:11:5-81
MERGED from [:IMLib] AndroidManifest.xml:11:5-81
	android:name
		ADDED from src\main\AndroidManifest.xml:8:22-78
uses-permission#android.permission.READ_EXTERNAL_STORAGE
ADDED from src\main\AndroidManifest.xml:9:5-80
MERGED from [com.zhihu.android:matisse:0.4.3] AndroidManifest.xml:25:5-80
MERGED from [com.zhihu.android:matisse:0.4.3] AndroidManifest.xml:25:5-80
MERGED from [com.lzy.net:okhttputils:1.8.1] AndroidManifest.xml:12:5-80
MERGED from [com.lzy.net:okhttputils:1.8.1] AndroidManifest.xml:12:5-80
MERGED from [com.yanzhenjie.nohttp:nohttp:1.1.1] AndroidManifest.xml:24:5-80
MERGED from [com.yanzhenjie.nohttp:nohttp:1.1.1] AndroidManifest.xml:24:5-80
MERGED from [:IMKit] AndroidManifest.xml:11:5-80
MERGED from [:IMKit] AndroidManifest.xml:11:5-80
	android:name
		ADDED from src\main\AndroidManifest.xml:9:22-77
uses-permission#android.permission.MOUNT_UNMOUNT_FILESYSTEMS
ADDED from src\main\AndroidManifest.xml:11:5-84
MERGED from [com.lzy.net:okhttputils:1.8.1] AndroidManifest.xml:14:5-84
MERGED from [com.lzy.net:okhttputils:1.8.1] AndroidManifest.xml:14:5-84
	android:name
		ADDED from src\main\AndroidManifest.xml:11:22-81
uses-permission#android.permission.ACCESS_NETWORK_STATE
ADDED from src\main\AndroidManifest.xml:13:5-79
MERGED from [com.yanzhenjie.nohttp:nohttp:1.1.1] AndroidManifest.xml:27:5-79
MERGED from [com.yanzhenjie.nohttp:nohttp:1.1.1] AndroidManifest.xml:27:5-79
MERGED from [:IMKit] AndroidManifest.xml:14:5-79
MERGED from [:IMKit] AndroidManifest.xml:14:5-79
MERGED from [:IMLib] AndroidManifest.xml:13:5-79
MERGED from [:IMLib] AndroidManifest.xml:13:5-79
	android:name
		ADDED from src\main\AndroidManifest.xml:13:22-76
uses-permission#android.permission.ACCESS_WIFI_STATE
ADDED from src\main\AndroidManifest.xml:15:5-76
MERGED from [com.yanzhenjie.nohttp:nohttp:1.1.1] AndroidManifest.xml:28:5-76
MERGED from [com.yanzhenjie.nohttp:nohttp:1.1.1] AndroidManifest.xml:28:5-76
MERGED from [:IMKit] AndroidManifest.xml:16:5-76
MERGED from [:IMKit] AndroidManifest.xml:16:5-76
MERGED from [:IMLib] AndroidManifest.xml:14:5-76
MERGED from [:IMLib] AndroidManifest.xml:14:5-76
	android:name
		ADDED from src\main\AndroidManifest.xml:15:22-73
uses-permission#android.permission.READ_PHONE_STATE
ADDED from src\main\AndroidManifest.xml:17:5-75
MERGED from [:IMKit] AndroidManifest.xml:18:5-75
MERGED from [:IMKit] AndroidManifest.xml:18:5-75
MERGED from [:IMLib] AndroidManifest.xml:15:5-75
MERGED from [:IMLib] AndroidManifest.xml:15:5-75
	android:name
		ADDED from src\main\AndroidManifest.xml:17:22-72
application
ADDED from src\main\AndroidManifest.xml:18:5-77:19
MERGED from [com.zhihu.android:matisse:0.4.3] AndroidManifest.xml:27:5-31:19
MERGED from [com.zhihu.android:matisse:0.4.3] AndroidManifest.xml:27:5-31:19
MERGED from [com.android.support.constraint:constraint-layout:1.0.2] AndroidManifest.xml:9:5-20
MERGED from [com.android.support.constraint:constraint-layout:1.0.2] AndroidManifest.xml:9:5-20
MERGED from [com.lzy.net:okhttpserver:1.0.3] AndroidManifest.xml:11:5-13:19
MERGED from [com.lzy.net:okhttpserver:1.0.3] AndroidManifest.xml:11:5-13:19
MERGED from [com.zhy:okhttputils:2.0.0] AndroidManifest.xml:14:5-17:19
MERGED from [com.zhy:okhttputils:2.0.0] AndroidManifest.xml:14:5-17:19
MERGED from [:IMKit] AndroidManifest.xml:33:5-100:19
MERGED from [:IMKit] AndroidManifest.xml:33:5-100:19
MERGED from [:IMLib] AndroidManifest.xml:24:5-95:19
MERGED from [:IMLib] AndroidManifest.xml:24:5-95:19
MERGED from [com.tbruyelle.rxpermissions2:rxpermissions:0.9.1] AndroidManifest.xml:11:5-20
MERGED from [com.tbruyelle.rxpermissions2:rxpermissions:0.9.1] AndroidManifest.xml:11:5-20
MERGED from [it.sephiroth.android.library.imagezoom:library:1.0.4] AndroidManifest.xml:5:5-19
MERGED from [it.sephiroth.android.library.imagezoom:library:1.0.4] AndroidManifest.xml:5:5-19
MERGED from [android.arch.lifecycle:runtime:1.0.0] AndroidManifest.xml:24:5-28:19
MERGED from [android.arch.lifecycle:runtime:1.0.0] AndroidManifest.xml:24:5-28:19
MERGED from [it.sephiroth.android.library.easing:library:1.0.2] AndroidManifest.xml:5:5-6:19
MERGED from [it.sephiroth.android.library.easing:library:1.0.2] AndroidManifest.xml:5:5-6:19
	android:supportsRtl
		ADDED from src\main\AndroidManifest.xml:24:9-35
	android:label
		ADDED from src\main\AndroidManifest.xml:22:9-41
	android:roundIcon
		ADDED from src\main\AndroidManifest.xml:23:9-48
	android:icon
		ADDED from src\main\AndroidManifest.xml:21:9-43
	android:allowBackup
		ADDED from src\main\AndroidManifest.xml:20:9-35
	android:theme
		ADDED from src\main\AndroidManifest.xml:25:9-40
	android:name
		ADDED from src\main\AndroidManifest.xml:19:9-38
activity#com.a8plus1.seen.StartActivity
ADDED from src\main\AndroidManifest.xml:26:9-34:20
	android:theme
		ADDED from src\main\AndroidManifest.xml:28:13-55
	android:name
		ADDED from src\main\AndroidManifest.xml:27:13-42
intent-filter#android.intent.action.MAIN+android.intent.category.LAUNCHER
ADDED from src\main\AndroidManifest.xml:29:13-33:29
action#android.intent.action.MAIN
ADDED from src\main\AndroidManifest.xml:30:17-69
	android:name
		ADDED from src\main\AndroidManifest.xml:30:25-66
category#android.intent.category.LAUNCHER
ADDED from src\main\AndroidManifest.xml:32:17-77
	android:name
		ADDED from src\main\AndroidManifest.xml:32:27-74
activity#com.a8plus1.seen.MainActivity
ADDED from src\main\AndroidManifest.xml:35:9-59
	android:name
		ADDED from src\main\AndroidManifest.xml:35:19-47
activity#com.a8plus1.seen.SettingActivity
ADDED from src\main\AndroidManifest.xml:37:9-62
	android:name
		ADDED from src\main\AndroidManifest.xml:37:19-50
activity#com.a8plus1.seen.LoginActivity
ADDED from src\main\AndroidManifest.xml:39:9-60
	android:name
		ADDED from src\main\AndroidManifest.xml:39:19-48
activity#com.a8plus1.seen.mainViewPagers.MI.ConversationActivity
ADDED from src\main\AndroidManifest.xml:41:9-55:20
	android:screenOrientation
		ADDED from src\main\AndroidManifest.xml:43:13-49
	android:windowSoftInputMode
		ADDED from src\main\AndroidManifest.xml:44:13-67
	android:name
		ADDED from src\main\AndroidManifest.xml:42:13-67
intent-filter#android.intent.action.VIEW+android.intent.category.DEFAULT
ADDED from src\main\AndroidManifest.xml:45:13-54:29
action#android.intent.action.VIEW
ADDED from src\main\AndroidManifest.xml:46:17-68
	android:name
		ADDED from src\main\AndroidManifest.xml:46:25-66
category#android.intent.category.DEFAULT
ADDED from src\main\AndroidManifest.xml:48:17-75
	android:name
		ADDED from src\main\AndroidManifest.xml:48:27-73
data
ADDED from src\main\AndroidManifest.xml:50:17-53:44
	android:host
		ADDED from src\main\AndroidManifest.xml:51:21-52
	android:scheme
		ADDED from src\main\AndroidManifest.xml:53:21-42
	android:pathPrefix
		ADDED from src\main\AndroidManifest.xml:52:21-56
activity#com.a8plus1.seen.SignupActivity
ADDED from src\main\AndroidManifest.xml:57:9-59:50
	android:theme
		ADDED from src\main\AndroidManifest.xml:59:13-47
	android:name
		ADDED from src\main\AndroidManifest.xml:58:13-43
activity#com.a8plus1.seen.LookTie.LookTieActivity
ADDED from src\main\AndroidManifest.xml:60:9-70
	android:name
		ADDED from src\main\AndroidManifest.xml:60:19-58
activity#com.a8plus1.seen.SendTie.SendActivity
ADDED from src\main\AndroidManifest.xml:61:9-67
	android:name
		ADDED from src\main\AndroidManifest.xml:61:19-55
provider#android.support.v4.content.FileProvider
ADDED from src\main\AndroidManifest.xml:63:9-71:20
	android:grantUriPermissions
		ADDED from src\main\AndroidManifest.xml:67:13-47
	android:authorities
		ADDED from src\main\AndroidManifest.xml:65:13-64
	android:exported
		ADDED from src\main\AndroidManifest.xml:66:13-37
	android:name
		ADDED from src\main\AndroidManifest.xml:64:13-67
meta-data#android.support.FILE_PROVIDER_PATHS
ADDED from src\main\AndroidManifest.xml:68:13-70:56
	android:resource
		ADDED from src\main\AndroidManifest.xml:70:17-53
	android:name
		ADDED from src\main\AndroidManifest.xml:69:17-67
meta-data#RONG_CLOUD_APP_KEY
ADDED from src\main\AndroidManifest.xml:73:9-75:45
MERGED from [:IMKit] AndroidManifest.xml:85:9-87:45
MERGED from [:IMKit] AndroidManifest.xml:85:9-87:45
MERGED from [:IMLib] AndroidManifest.xml:27:9-29:45
MERGED from [:IMLib] AndroidManifest.xml:27:9-29:45
	android:value
		ADDED from src\main\AndroidManifest.xml:75:13-42
	android:name
		ADDED from src\main\AndroidManifest.xml:74:13-46
uses-sdk
INJECTED from src\main\AndroidManifest.xml reason: use-sdk injection requested
INJECTED from src\main\AndroidManifest.xml
INJECTED from src\main\AndroidManifest.xml
MERGED from [com.android.support:design:27.0.0] AndroidManifest.xml:20:5-44
MERGED from [com.android.support:design:27.0.0] AndroidManifest.xml:20:5-44
MERGED from [com.zhihu.android:matisse:0.4.3] AndroidManifest.xml:20:5-22:41
MERGED from [com.zhihu.android:matisse:0.4.3] AndroidManifest.xml:20:5-22:41
MERGED from [com.android.support:appcompat-v7:27.0.0] AndroidManifest.xml:20:5-44
MERGED from [com.android.support:appcompat-v7:27.0.0] AndroidManifest.xml:20:5-44
MERGED from [com.android.support.constraint:constraint-layout:1.0.2] AndroidManifest.xml:5:5-7:41
MERGED from [com.android.support.constraint:constraint-layout:1.0.2] AndroidManifest.xml:5:5-7:41
MERGED from [com.lzy.net:okhttpserver:1.0.3] AndroidManifest.xml:7:5-9:41
MERGED from [com.lzy.net:okhttpserver:1.0.3] AndroidManifest.xml:7:5-9:41
MERGED from [com.lzy.net:okhttputils:1.8.1] AndroidManifest.xml:7:5-9:41
MERGED from [com.lzy.net:okhttputils:1.8.1] AndroidManifest.xml:7:5-9:41
MERGED from [com.zhy:okhttputils:2.0.0] AndroidManifest.xml:7:5-9:41
MERGED from [com.zhy:okhttputils:2.0.0] AndroidManifest.xml:7:5-9:41
MERGED from [com.yanzhenjie.nohttp:okhttp:1.1.1] AndroidManifest.xml:21:5-23:41
MERGED from [com.yanzhenjie.nohttp:okhttp:1.1.1] AndroidManifest.xml:21:5-23:41
MERGED from [com.yanzhenjie.nohttp:nohttp:1.1.1] AndroidManifest.xml:20:5-22:41
MERGED from [com.yanzhenjie.nohttp:nohttp:1.1.1] AndroidManifest.xml:20:5-22:41
MERGED from [com.android.support:cardview-v7:27.0.0] AndroidManifest.xml:20:5-44
MERGED from [com.android.support:cardview-v7:27.0.0] AndroidManifest.xml:20:5-44
MERGED from [com.android.support:recyclerview-v7:27.0.0] AndroidManifest.xml:20:5-44
MERGED from [com.android.support:recyclerview-v7:27.0.0] AndroidManifest.xml:20:5-44
MERGED from [:SlidingMenu-master] AndroidManifest.xml:7:5-9:41
MERGED from [:SlidingMenu-master] AndroidManifest.xml:7:5-9:41
MERGED from [com.makeramen:roundedimageview:2.2.1] AndroidManifest.xml:7:5-43
MERGED from [com.makeramen:roundedimageview:2.2.1] AndroidManifest.xml:7:5-43
MERGED from [:IMKit] AndroidManifest.xml:7:5-9:41
MERGED from [:IMKit] AndroidManifest.xml:7:5-9:41
MERGED from [:IMLib] AndroidManifest.xml:7:5-9:41
MERGED from [:IMLib] AndroidManifest.xml:7:5-9:41
MERGED from [com.tbruyelle.rxpermissions2:rxpermissions:0.9.1] AndroidManifest.xml:7:5-9:41
MERGED from [com.tbruyelle.rxpermissions2:rxpermissions:0.9.1] AndroidManifest.xml:7:5-9:41
MERGED from [com.android.support:transition:27.0.0] AndroidManifest.xml:20:5-44
MERGED from [com.android.support:transition:27.0.0] AndroidManifest.xml:20:5-44
MERGED from [com.android.support:support-v4:27.0.0] AndroidManifest.xml:20:5-44
MERGED from [com.android.support:support-v4:27.0.0] AndroidManifest.xml:20:5-44
MERGED from [com.android.support:support-media-compat:27.0.0] AndroidManifest.xml:20:5-44
MERGED from [com.android.support:support-media-compat:27.0.0] AndroidManifest.xml:20:5-44
MERGED from [com.android.support:support-fragment:27.0.0] AndroidManifest.xml:20:5-44
MERGED from [com.android.support:support-fragment:27.0.0] AndroidManifest.xml:20:5-44
MERGED from [com.android.support:support-core-utils:27.0.0] AndroidManifest.xml:20:5-44
MERGED from [com.android.support:support-core-utils:27.0.0] AndroidManifest.xml:20:5-44
MERGED from [com.android.support:animated-vector-drawable:27.0.0] AndroidManifest.xml:20:5-44
MERGED from [com.android.support:animated-vector-drawable:27.0.0] AndroidManifest.xml:20:5-44
MERGED from [com.android.support:support-core-ui:27.0.0] AndroidManifest.xml:20:5-44
MERGED from [com.android.support:support-core-ui:27.0.0] AndroidManifest.xml:20:5-44
MERGED from [com.android.support:support-vector-drawable:27.0.0] AndroidManifest.xml:20:5-44
MERGED from [com.android.support:support-vector-drawable:27.0.0] AndroidManifest.xml:20:5-44
MERGED from [com.android.support:support-compat:27.0.0] AndroidManifest.xml:20:5-44
MERGED from [com.android.support:support-compat:27.0.0] AndroidManifest.xml:20:5-44
MERGED from [it.sephiroth.android.library.imagezoom:library:1.0.4] AndroidManifest.xml:3:5-72
MERGED from [it.sephiroth.android.library.imagezoom:library:1.0.4] AndroidManifest.xml:3:5-72
MERGED from [android.arch.lifecycle:runtime:1.0.0] AndroidManifest.xml:20:5-22:41
MERGED from [android.arch.lifecycle:runtime:1.0.0] AndroidManifest.xml:20:5-22:41
MERGED from [it.sephiroth.android.library.easing:library:1.0.2] AndroidManifest.xml:3:5-72
MERGED from [it.sephiroth.android.library.easing:library:1.0.2] AndroidManifest.xml:3:5-72
INJECTED from src\main\AndroidManifest.xml
INJECTED from src\main\AndroidManifest.xml
	android:targetSdkVersion
		INJECTED from src\main\AndroidManifest.xml
		ADDED from src\main\AndroidManifest.xml
		INJECTED from src\main\AndroidManifest.xml
	android:minSdkVersion
		INJECTED from src\main\AndroidManifest.xml
		ADDED from src\main\AndroidManifest.xml
		INJECTED from src\main\AndroidManifest.xml
activity#com.zhihu.matisse.ui.MatisseActivity
ADDED from [com.zhihu.android:matisse:0.4.3] AndroidManifest.xml:28:9-73
	android:name
		ADDED from [com.zhihu.android:matisse:0.4.3] AndroidManifest.xml:28:19-70
activity#com.zhihu.matisse.internal.ui.AlbumPreviewActivity
ADDED from [com.zhihu.android:matisse:0.4.3] AndroidManifest.xml:29:9-87
	android:name
		ADDED from [com.zhihu.android:matisse:0.4.3] AndroidManifest.xml:29:19-84
activity#com.zhihu.matisse.internal.ui.SelectedPreviewActivity
ADDED from [com.zhihu.android:matisse:0.4.3] AndroidManifest.xml:30:9-90
	android:name
		ADDED from [com.zhihu.android:matisse:0.4.3] AndroidManifest.xml:30:19-87
service#com.lzy.okhttpserver.download.DownloadService
ADDED from [com.lzy.net:okhttpserver:1.0.3] AndroidManifest.xml:12:9-81
	android:name
		ADDED from [com.lzy.net:okhttpserver:1.0.3] AndroidManifest.xml:12:18-78
uses-permission#android.permission.ACCESS_COARSE_LOCATION
ADDED from [:IMKit] AndroidManifest.xml:15:5-81
	android:name
		ADDED from [:IMKit] AndroidManifest.xml:15:22-78
uses-permission#android.permission.RECORD_AUDIO
ADDED from [:IMKit] AndroidManifest.xml:21:5-71
MERGED from [:IMLib] AndroidManifest.xml:16:5-71
MERGED from [:IMLib] AndroidManifest.xml:16:5-71
	android:name
		ADDED from [:IMKit] AndroidManifest.xml:21:22-68
uses-permission#android.permission.GET_TASKS
ADDED from [:IMKit] AndroidManifest.xml:22:5-68
MERGED from [:IMLib] AndroidManifest.xml:17:5-68
MERGED from [:IMLib] AndroidManifest.xml:17:5-68
	android:name
		ADDED from [:IMKit] AndroidManifest.xml:22:22-65
uses-permission#android.permission.WAKE_LOCK
ADDED from [:IMKit] AndroidManifest.xml:23:5-68
MERGED from [:IMLib] AndroidManifest.xml:18:5-68
MERGED from [:IMLib] AndroidManifest.xml:18:5-68
	android:name
		ADDED from [:IMKit] AndroidManifest.xml:23:22-65
uses-permission#android.permission.MODIFY_AUDIO_SETTINGS
ADDED from [:IMKit] AndroidManifest.xml:24:5-80
MERGED from [:IMLib] AndroidManifest.xml:19:5-80
MERGED from [:IMLib] AndroidManifest.xml:19:5-80
	android:name
		ADDED from [:IMKit] AndroidManifest.xml:24:22-77
uses-permission#android.permission.VIBRATE
ADDED from [:IMKit] AndroidManifest.xml:25:5-66
MERGED from [:IMLib] AndroidManifest.xml:20:5-66
MERGED from [:IMLib] AndroidManifest.xml:20:5-66
	android:name
		ADDED from [:IMKit] AndroidManifest.xml:25:22-63
uses-permission#android.permission.CAMERA
ADDED from [:IMKit] AndroidManifest.xml:26:5-65
	android:name
		ADDED from [:IMKit] AndroidManifest.xml:26:22-62
uses-permission#android.permission.WRITE_SETTINGS
ADDED from [:IMKit] AndroidManifest.xml:27:5-73
	android:name
		ADDED from [:IMKit] AndroidManifest.xml:27:22-70
uses-permission#android.permission.INTERACT_ACROSS_USERS_FULL
ADDED from [:IMKit] AndroidManifest.xml:28:5-85
	android:name
		ADDED from [:IMKit] AndroidManifest.xml:28:22-82
uses-permission#android.permission.PROCESS_OUTGOING_CALLS
ADDED from [:IMKit] AndroidManifest.xml:29:5-81
	android:name
		ADDED from [:IMKit] AndroidManifest.xml:29:22-78
uses-permission#android.permission.SYSTEM_ALERT_WINDOW
ADDED from [:IMKit] AndroidManifest.xml:30:5-78
	android:name
		ADDED from [:IMKit] AndroidManifest.xml:30:22-75
uses-permission#android.permission.CHANGE_WIFI_STATE
ADDED from [:IMKit] AndroidManifest.xml:31:5-76
	android:name
		ADDED from [:IMKit] AndroidManifest.xml:31:22-73
activity#io.rong.imkit.plugin.location.AMapLocationActivity
ADDED from [:IMKit] AndroidManifest.xml:34:9-87
	android:name
		ADDED from [:IMKit] AndroidManifest.xml:34:19-84
activity#io.rong.imkit.plugin.location.AMapPreviewActivity
ADDED from [:IMKit] AndroidManifest.xml:35:9-86
	android:name
		ADDED from [:IMKit] AndroidManifest.xml:35:19-83
activity#io.rong.imkit.plugin.location.AMapRealTimeActivity
ADDED from [:IMKit] AndroidManifest.xml:36:9-87
	android:name
		ADDED from [:IMKit] AndroidManifest.xml:36:19-84
activity#io.rong.imkit.plugin.image.PictureSelectorActivity
ADDED from [:IMKit] AndroidManifest.xml:37:9-39:52
	android:screenOrientation
		ADDED from [:IMKit] AndroidManifest.xml:39:13-49
	android:name
		ADDED from [:IMKit] AndroidManifest.xml:38:13-78
activity#io.rong.imkit.plugin.image.PicturePreviewActivity
ADDED from [:IMKit] AndroidManifest.xml:40:9-42:52
	android:screenOrientation
		ADDED from [:IMKit] AndroidManifest.xml:42:13-49
	android:name
		ADDED from [:IMKit] AndroidManifest.xml:41:13-77
activity#io.rong.imkit.tools.RongWebviewActivity
ADDED from [:IMKit] AndroidManifest.xml:45:9-53:20
	android:screenOrientation
		ADDED from [:IMKit] AndroidManifest.xml:47:13-49
	android:name
		ADDED from [:IMKit] AndroidManifest.xml:46:13-67
intent-filter#android.intent.category.DEFAULT+io.rong.imkit.intent.action.webview
ADDED from [:IMKit] AndroidManifest.xml:48:13-52:29
action#io.rong.imkit.intent.action.webview
ADDED from [:IMKit] AndroidManifest.xml:49:17-78
	android:name
		ADDED from [:IMKit] AndroidManifest.xml:49:25-75
activity#io.rong.imkit.widget.provider.TakingPicturesActivity
ADDED from [:IMKit] AndroidManifest.xml:54:9-57:52
	android:screenOrientation
		ADDED from [:IMKit] AndroidManifest.xml:57:13-49
	android:configChanges
		ADDED from [:IMKit] AndroidManifest.xml:56:13-63
	android:name
		ADDED from [:IMKit] AndroidManifest.xml:55:13-80
activity#io.rong.imkit.activity.PicturePagerActivity
ADDED from [:IMKit] AndroidManifest.xml:58:9-66:20
	android:theme
		ADDED from [:IMKit] AndroidManifest.xml:60:13-71
	android:name
		ADDED from [:IMKit] AndroidManifest.xml:59:13-71
intent-filter#android.intent.category.DEFAULT+io.rong.imkit.intent.action.picturepagerview
ADDED from [:IMKit] AndroidManifest.xml:61:13-65:29
action#io.rong.imkit.intent.action.picturepagerview
ADDED from [:IMKit] AndroidManifest.xml:62:17-87
	android:name
		ADDED from [:IMKit] AndroidManifest.xml:62:25-84
activity#io.rong.imkit.mention.MemberMentionedActivity
ADDED from [:IMKit] AndroidManifest.xml:67:9-70:67
	android:windowSoftInputMode
		ADDED from [:IMKit] AndroidManifest.xml:70:13-64
	android:configChanges
		ADDED from [:IMKit] AndroidManifest.xml:69:13-63
	android:name
		ADDED from [:IMKit] AndroidManifest.xml:68:13-73
activity#io.rong.imkit.activity.FileManagerActivity
ADDED from [:IMKit] AndroidManifest.xml:71:9-79
	android:name
		ADDED from [:IMKit] AndroidManifest.xml:71:19-76
activity#io.rong.imkit.activity.FileListActivity
ADDED from [:IMKit] AndroidManifest.xml:72:9-76
	android:name
		ADDED from [:IMKit] AndroidManifest.xml:72:19-73
activity#io.rong.imkit.activity.FilePreviewActivity
ADDED from [:IMKit] AndroidManifest.xml:73:9-79:20
	android:name
		ADDED from [:IMKit] AndroidManifest.xml:73:19-76
intent-filter#android.intent.category.DEFAULT+io.rong.imkit.intent.action.openfile
ADDED from [:IMKit] AndroidManifest.xml:74:13-78:29
action#io.rong.imkit.intent.action.openfile
ADDED from [:IMKit] AndroidManifest.xml:75:17-79
	android:name
		ADDED from [:IMKit] AndroidManifest.xml:75:25-76
activity#io.rong.imkit.activity.CSLeaveMessageActivity
ADDED from [:IMKit] AndroidManifest.xml:80:9-83:52
	android:screenOrientation
		ADDED from [:IMKit] AndroidManifest.xml:83:13-49
	android:configChanges
		ADDED from [:IMKit] AndroidManifest.xml:82:13-63
	android:name
		ADDED from [:IMKit] AndroidManifest.xml:81:13-73
uses-permission#android.permission.ACCESS_FINE_LOCATION
ADDED from [:IMLib] AndroidManifest.xml:21:5-79
	android:name
		ADDED from [:IMLib] AndroidManifest.xml:21:22-76
uses-permission#android.permission.RECEIVE_BOOT_COMPLETED
ADDED from [:IMLib] AndroidManifest.xml:22:5-81
	android:name
		ADDED from [:IMLib] AndroidManifest.xml:22:22-78
service#io.rong.imlib.ipc.RongService
ADDED from [:IMLib] AndroidManifest.xml:31:9-34:38
	android:process
		ADDED from [:IMLib] AndroidManifest.xml:34:13-35
	android:exported
		ADDED from [:IMLib] AndroidManifest.xml:33:13-36
	android:name
		ADDED from [:IMLib] AndroidManifest.xml:32:13-57
service#io.rong.imlib.ReConnectService
ADDED from [:IMLib] AndroidManifest.xml:35:9-38:72
	android:exported
		ADDED from [:IMLib] AndroidManifest.xml:37:13-36
	android:permission
		ADDED from [:IMLib] AndroidManifest.xml:38:13-69
	android:name
		ADDED from [:IMLib] AndroidManifest.xml:36:13-58
receiver#io.rong.imlib.ConnectChangeReceiver
ADDED from [:IMLib] AndroidManifest.xml:40:9-42:39
	android:exported
		ADDED from [:IMLib] AndroidManifest.xml:42:13-36
	android:name
		ADDED from [:IMLib] AndroidManifest.xml:41:13-63
receiver#io.rong.imlib.HeartbeatReceiver
ADDED from [:IMLib] AndroidManifest.xml:43:9-45:38
	android:process
		ADDED from [:IMLib] AndroidManifest.xml:45:13-35
	android:name
		ADDED from [:IMLib] AndroidManifest.xml:44:13-59
service#io.rong.push.core.PushRegistrationService
ADDED from [:IMLib] AndroidManifest.xml:52:9-55:72
	android:exported
		ADDED from [:IMLib] AndroidManifest.xml:54:13-36
	android:permission
		ADDED from [:IMLib] AndroidManifest.xml:55:13-69
	android:name
		ADDED from [:IMLib] AndroidManifest.xml:53:13-69
service#io.rong.push.core.MessageHandleService
ADDED from [:IMLib] AndroidManifest.xml:56:9-59:72
	android:exported
		ADDED from [:IMLib] AndroidManifest.xml:58:13-36
	android:permission
		ADDED from [:IMLib] AndroidManifest.xml:59:13-69
	android:name
		ADDED from [:IMLib] AndroidManifest.xml:57:13-66
service#io.rong.push.PushService
ADDED from [:IMLib] AndroidManifest.xml:62:9-66:46
	android:process
		ADDED from [:IMLib] AndroidManifest.xml:66:13-43
	android:exported
		ADDED from [:IMLib] AndroidManifest.xml:64:13-36
	android:permission
		ADDED from [:IMLib] AndroidManifest.xml:65:13-69
	android:name
		ADDED from [:IMLib] AndroidManifest.xml:63:13-52
receiver#io.rong.push.PushReceiver
ADDED from [:IMLib] AndroidManifest.xml:69:9-89:20
	android:process
		ADDED from [:IMLib] AndroidManifest.xml:71:13-43
	android:name
		ADDED from [:IMLib] AndroidManifest.xml:70:13-53
intent-filter#io.rong.push.intent.action.HEART_BEAT
ADDED from [:IMLib] AndroidManifest.xml:73:13-75:29
action#io.rong.push.intent.action.HEART_BEAT
ADDED from [:IMLib] AndroidManifest.xml:74:17-80
	android:name
		ADDED from [:IMLib] AndroidManifest.xml:74:25-77
intent-filter#android.net.conn.CONNECTIVITY_CHANGE
ADDED from [:IMLib] AndroidManifest.xml:77:13-79:29
action#android.net.conn.CONNECTIVITY_CHANGE
ADDED from [:IMLib] AndroidManifest.xml:78:17-79
	android:name
		ADDED from [:IMLib] AndroidManifest.xml:78:25-76
intent-filter#android.intent.action.BOOT_COMPLETED
ADDED from [:IMLib] AndroidManifest.xml:81:13-83:29
action#android.intent.action.BOOT_COMPLETED
ADDED from [:IMLib] AndroidManifest.xml:82:17-79
	android:name
		ADDED from [:IMLib] AndroidManifest.xml:82:25-76
intent-filter#android.intent.action.ACTION_POWER_CONNECTED+android.intent.action.ACTION_POWER_DISCONNECTED+android.intent.action.USER_PRESENT
ADDED from [:IMLib] AndroidManifest.xml:84:13-88:29
action#android.intent.action.USER_PRESENT
ADDED from [:IMLib] AndroidManifest.xml:85:17-77
	android:name
		ADDED from [:IMLib] AndroidManifest.xml:85:25-74
action#android.intent.action.ACTION_POWER_CONNECTED
ADDED from [:IMLib] AndroidManifest.xml:86:17-87
	android:name
		ADDED from [:IMLib] AndroidManifest.xml:86:25-84
action#android.intent.action.ACTION_POWER_DISCONNECTED
ADDED from [:IMLib] AndroidManifest.xml:87:17-90
	android:name
		ADDED from [:IMLib] AndroidManifest.xml:87:25-87
meta-data#android.arch.lifecycle.VERSION
ADDED from [android.arch.lifecycle:runtime:1.0.0] AndroidManifest.xml:25:9-27:47
	android:value
		ADDED from [android.arch.lifecycle:runtime:1.0.0] AndroidManifest.xml:27:13-44
	android:name
		ADDED from [android.arch.lifecycle:runtime:1.0.0] AndroidManifest.xml:26:13-58